app/build/intermediates/manifest_merge_blame_file/debug/manifest-merger-blame-debug-report.txt
1<?xml version="1.0" encoding="utf-8"?>
2<manifest xmlns:android="http://schemas.android.com/apk/res/android"
3    package="com.maltaisn.notes.debug"
4    android:versionCode="10504"
5    android:versionName="1.5.4" >
6
7    <uses-sdk
8        android:minSdkVersion="21"
9        android:targetSdkVersion="34" />
10
11    <uses-permission android:name="android.permission.CHANGE_CONFIGURATION" />
11-->src\debug\AndroidManifest.xml:8:5-79
11-->src\debug\AndroidManifest.xml:8:22-76
12    <uses-permission android:name="android.permission.DUMP" />
12-->src\debug\AndroidManifest.xml:10:5-63
12-->src\debug\AndroidManifest.xml:10:22-60
13    <uses-permission android:name="android.permission.VIBRATE" />
13-->src\main\AndroidManifest.xml:8:5-66
13-->src\main\AndroidManifest.xml:8:22-63
14    <uses-permission android:name="android.permission.RECEIVE_BOOT_COMPLETED" />
14-->src\main\AndroidManifest.xml:10:5-81
14-->src\main\AndroidManifest.xml:10:22-78
15    <uses-permission android:name="android.permission.SCHEDULE_EXACT_ALARM" />
15-->src\main\AndroidManifest.xml:11:5-79
15-->src\main\AndroidManifest.xml:11:22-76
16    <uses-permission android:name="android.permission.POST_NOTIFICATIONS" />
16-->src\main\AndroidManifest.xml:12:5-76
16-->src\main\AndroidManifest.xml:12:22-74
17    <uses-permission android:name="android.permission.FOREGROUND_SERVICE" />
17-->[com.github.YarikSOffice.Venom:venom:0.7.1] AndroidManifest.xml:30:5-77
17-->[com.github.YarikSOffice.Venom:venom:0.7.1] AndroidManifest.xml:30:22-74
18    <uses-permission android:name="android.permission.FOREGROUND_SERVICE_SPECIAL_USE" />
18-->[com.github.YarikSOffice.Venom:venom:0.7.1] AndroidManifest.xml:31:5-89
18-->[com.github.YarikSOffice.Venom:venom:0.7.1] AndroidManifest.xml:31:22-86
19
20    <permission
20-->[androidx.core:core:1.12.0] AndroidManifest.xml:22:5-24:47
21        android:name="com.maltaisn.notes.debug.DYNAMIC_RECEIVER_NOT_EXPORTED_PERMISSION"
21-->[androidx.core:core:1.12.0] AndroidManifest.xml:23:9-81
22        android:protectionLevel="signature" />
22-->[androidx.core:core:1.12.0] AndroidManifest.xml:24:9-44
23
24    <uses-permission android:name="com.maltaisn.notes.debug.DYNAMIC_RECEIVER_NOT_EXPORTED_PERMISSION" /> <!-- To store the heap dumps and leak analysis results. -->
24-->[androidx.core:core:1.12.0] AndroidManifest.xml:26:5-97
24-->[androidx.core:core:1.12.0] AndroidManifest.xml:26:22-94
25    <uses-permission android:name="android.permission.READ_EXTERNAL_STORAGE" />
25-->[com.squareup.leakcanary:leakcanary-android-core:2.12] AndroidManifest.xml:25:5-80
25-->[com.squareup.leakcanary:leakcanary-android-core:2.12] AndroidManifest.xml:25:22-77
26    <uses-permission android:name="android.permission.WRITE_EXTERNAL_STORAGE" />
26-->[com.squareup.leakcanary:leakcanary-android-core:2.12] AndroidManifest.xml:26:5-81
26-->[com.squareup.leakcanary:leakcanary-android-core:2.12] AndroidManifest.xml:26:22-78
27
28    <application
28-->src\main\AndroidManifest.xml:14:5-78:19
29        android:name="com.maltaisn.notes.App"
29-->src\main\AndroidManifest.xml:15:9-46
30        android:allowBackup="@bool/allow_backup"
30-->src\main\AndroidManifest.xml:17:9-49
31        android:appComponentFactory="androidx.core.app.CoreComponentFactory"
31-->[androidx.core:core:1.12.0] AndroidManifest.xml:28:18-86
32        android:debuggable="true"
33        android:extractNativeLibs="true"
34        android:icon="@mipmap/ic_launcher"
34-->src\main\AndroidManifest.xml:18:9-43
35        android:label="@string/app_name"
35-->src\main\AndroidManifest.xml:19:9-41
36        android:roundIcon="@mipmap/ic_launcher_round"
36-->src\main\AndroidManifest.xml:20:9-54
37        android:supportsRtl="true"
37-->src\main\AndroidManifest.xml:21:9-35
38        android:testOnly="true"
39        android:theme="@style/AppTheme.DayNight" >
39-->src\main\AndroidManifest.xml:16:9-49
40        <activity
40-->src\main\AndroidManifest.xml:24:9-50:20
41            android:name="com.maltaisn.notes.ui.main.MainActivity"
41-->src\main\AndroidManifest.xml:25:13-67
42            android:exported="true"
42-->src\main\AndroidManifest.xml:29:13-36
43            android:label="@string/app_name_short"
43-->src\main\AndroidManifest.xml:27:13-51
44            android:launchMode="singleTask"
44-->src\main\AndroidManifest.xml:28:13-44
45            android:theme="@style/AppTheme.DayNight.Launcher" >
45-->src\main\AndroidManifest.xml:26:13-62
46            <intent-filter>
46-->src\main\AndroidManifest.xml:31:13-34:29
47                <action android:name="android.intent.action.MAIN" />
47-->src\main\AndroidManifest.xml:32:17-69
47-->src\main\AndroidManifest.xml:32:25-66
48
49                <category android:name="android.intent.category.LAUNCHER" />
49-->src\main\AndroidManifest.xml:33:17-77
49-->src\main\AndroidManifest.xml:33:27-74
50            </intent-filter>
51            <intent-filter>
51-->src\main\AndroidManifest.xml:35:13-39:29
52                <action android:name="android.intent.action.SEND" />
52-->src\main\AndroidManifest.xml:36:17-69
52-->src\main\AndroidManifest.xml:36:25-66
53
54                <category android:name="android.intent.category.DEFAULT" />
54-->src\main\AndroidManifest.xml:37:17-76
54-->src\main\AndroidManifest.xml:37:27-73
55
56                <data android:mimeType="text/plain" />
56-->src\main\AndroidManifest.xml:38:17-55
56-->src\main\AndroidManifest.xml:38:23-52
57            </intent-filter>
58            <intent-filter>
58-->src\main\AndroidManifest.xml:40:13-44:29
59                <action android:name="com.maltaisn.notes.CREATE" />
59-->src\main\AndroidManifest.xml:41:17-68
59-->src\main\AndroidManifest.xml:41:25-65
60                <action android:name="com.maltaisn.notes.EDIT" />
60-->src\main\AndroidManifest.xml:42:17-66
60-->src\main\AndroidManifest.xml:42:25-63
61                <action android:name="com.maltaisn.notes.SHOW_REMINDERS" />
61-->src\main\AndroidManifest.xml:43:17-76
61-->src\main\AndroidManifest.xml:43:25-73
62            </intent-filter>
63
64            <meta-data
64-->src\main\AndroidManifest.xml:46:13-49:19
65                android:name="android.app.shortcuts"
65-->src\main\AndroidManifest.xml:47:17-53
66                android:resource="@xml/shortcuts" />
66-->src\main\AndroidManifest.xml:48:17-50
67        </activity>
68        <activity
68-->src\main\AndroidManifest.xml:52:9-63:20
69            android:name="com.maltaisn.notes.ui.notification.NotificationActivity"
69-->src\main\AndroidManifest.xml:53:13-83
70            android:excludeFromRecents="true"
70-->src\main\AndroidManifest.xml:56:13-46
71            android:exported="false"
71-->src\main\AndroidManifest.xml:58:13-37
72            android:label="@string/app_name_short"
72-->src\main\AndroidManifest.xml:57:13-51
73            android:taskAffinity=""
73-->src\main\AndroidManifest.xml:55:13-36
74            android:theme="@style/TransparentActivity" >
74-->src\main\AndroidManifest.xml:54:13-55
75            <intent-filter>
75-->src\main\AndroidManifest.xml:60:13-62:29
76                <action android:name="com.maltaisn.notes.reminder.POSTPONE" />
76-->src\main\AndroidManifest.xml:61:17-79
76-->src\main\AndroidManifest.xml:61:25-76
77            </intent-filter>
78        </activity>
79
80        <receiver
80-->src\main\AndroidManifest.xml:65:9-77:20
81            android:name="com.maltaisn.notes.receiver.AlarmReceiver"
81-->src\main\AndroidManifest.xml:66:13-69
82            android:enabled="true"
82-->src\main\AndroidManifest.xml:67:13-35
83            android:exported="false" >
83-->src\main\AndroidManifest.xml:68:13-37
84            <intent-filter>
84-->src\main\AndroidManifest.xml:70:13-76:29
85                <action android:name="com.maltaisn.notes.reminder.ALARM" />
85-->src\main\AndroidManifest.xml:71:17-76
85-->src\main\AndroidManifest.xml:71:25-73
86                <action android:name="com.maltaisn.notes.reminder.MARK_DONE" />
86-->src\main\AndroidManifest.xml:72:17-80
86-->src\main\AndroidManifest.xml:72:25-77
87                <action android:name="android.intent.action.BOOT_COMPLETED" />
87-->src\main\AndroidManifest.xml:73:17-79
87-->src\main\AndroidManifest.xml:73:25-76
88                <action android:name="android.intent.action.QUICKBOOT_POWERON" />
88-->src\main\AndroidManifest.xml:74:17-82
88-->src\main\AndroidManifest.xml:74:25-79
89                <action android:name="com.htc.intent.action.QUICKBOOT_POWERON" />
89-->src\main\AndroidManifest.xml:75:17-82
89-->src\main\AndroidManifest.xml:75:25-79
90            </intent-filter>
91        </receiver>
92
93        <activity android:name="com.mikepenz.aboutlibraries.ui.LibsActivity" />
93-->[com.mikepenz:aboutlibraries:8.9.3] AndroidManifest.xml:10:9-80
93-->[com.mikepenz:aboutlibraries:8.9.3] AndroidManifest.xml:10:19-77
94        <activity
94-->[com.github.YarikSOffice.Venom:venom:0.7.1] AndroidManifest.xml:34:9-36:49
95            android:name="com.github.venom.DeathActivity"
95-->[com.github.YarikSOffice.Venom:venom:0.7.1] AndroidManifest.xml:35:13-58
96            android:theme="@style/VenomDeath" />
96-->[com.github.YarikSOffice.Venom:venom:0.7.1] AndroidManifest.xml:36:13-46
97
98        <service
98-->[com.github.YarikSOffice.Venom:venom:0.7.1] AndroidManifest.xml:38:9-44:19
99            android:name="com.github.venom.service.VenomService"
99-->[com.github.YarikSOffice.Venom:venom:0.7.1] AndroidManifest.xml:39:13-65
100            android:foregroundServiceType="specialUse" >
100-->[com.github.YarikSOffice.Venom:venom:0.7.1] AndroidManifest.xml:40:13-55
101            <property
101-->[com.github.YarikSOffice.Venom:venom:0.7.1] AndroidManifest.xml:41:13-43:47
102                android:name="android.app.PROPERTY_SPECIAL_USE_FGS_SUBTYPE"
102-->[com.github.YarikSOffice.Venom:venom:0.7.1] AndroidManifest.xml:42:17-76
103                android:value="KillProcess" />
103-->[com.github.YarikSOffice.Venom:venom:0.7.1] AndroidManifest.xml:43:17-44
104        </service>
105
106        <provider
106-->[androidx.emoji2:emoji2:1.2.0] AndroidManifest.xml:24:9-32:20
107            android:name="androidx.startup.InitializationProvider"
107-->[androidx.emoji2:emoji2:1.2.0] AndroidManifest.xml:25:13-67
108            android:authorities="com.maltaisn.notes.debug.androidx-startup"
108-->[androidx.emoji2:emoji2:1.2.0] AndroidManifest.xml:26:13-68
109            android:exported="false" >
109-->[androidx.emoji2:emoji2:1.2.0] AndroidManifest.xml:27:13-37
110            <meta-data
110-->[androidx.emoji2:emoji2:1.2.0] AndroidManifest.xml:29:13-31:52
111                android:name="androidx.emoji2.text.EmojiCompatInitializer"
111-->[androidx.emoji2:emoji2:1.2.0] AndroidManifest.xml:30:17-75
112                android:value="androidx.startup" />
112-->[androidx.emoji2:emoji2:1.2.0] AndroidManifest.xml:31:17-49
113            <meta-data
113-->[androidx.lifecycle:lifecycle-process:2.6.2] AndroidManifest.xml:29:13-31:52
114                android:name="androidx.lifecycle.ProcessLifecycleInitializer"
114-->[androidx.lifecycle:lifecycle-process:2.6.2] AndroidManifest.xml:30:17-78
115                android:value="androidx.startup" />
115-->[androidx.lifecycle:lifecycle-process:2.6.2] AndroidManifest.xml:31:17-49
116            <meta-data
116-->[androidx.profileinstaller:profileinstaller:1.3.0] AndroidManifest.xml:29:13-31:52
117                android:name="androidx.profileinstaller.ProfileInstallerInitializer"
117-->[androidx.profileinstaller:profileinstaller:1.3.0] AndroidManifest.xml:30:17-85
118                android:value="androidx.startup" />
118-->[androidx.profileinstaller:profileinstaller:1.3.0] AndroidManifest.xml:31:17-49
119        </provider>
120
121        <uses-library
121-->[androidx.window:window:1.0.0] AndroidManifest.xml:25:9-27:40
122            android:name="androidx.window.extensions"
122-->[androidx.window:window:1.0.0] AndroidManifest.xml:26:13-54
123            android:required="false" />
123-->[androidx.window:window:1.0.0] AndroidManifest.xml:27:13-37
124        <uses-library
124-->[androidx.window:window:1.0.0] AndroidManifest.xml:28:9-30:40
125            android:name="androidx.window.sidecar"
125-->[androidx.window:window:1.0.0] AndroidManifest.xml:29:13-51
126            android:required="false" />
126-->[androidx.window:window:1.0.0] AndroidManifest.xml:30:13-37
127
128        <service
128-->[androidx.room:room-runtime:2.6.1] AndroidManifest.xml:24:9-28:63
129            android:name="androidx.room.MultiInstanceInvalidationService"
129-->[androidx.room:room-runtime:2.6.1] AndroidManifest.xml:25:13-74
130            android:directBootAware="true"
130-->[androidx.room:room-runtime:2.6.1] AndroidManifest.xml:26:13-43
131            android:exported="false" />
131-->[androidx.room:room-runtime:2.6.1] AndroidManifest.xml:27:13-37
132
133        <provider
133-->[com.squareup.leakcanary:leakcanary-android-core:2.12] AndroidManifest.xml:32:9-40:20
134            android:name="leakcanary.internal.LeakCanaryFileProvider"
134-->[com.squareup.leakcanary:leakcanary-android-core:2.12] AndroidManifest.xml:33:13-70
135            android:authorities="com.squareup.leakcanary.fileprovider.com.maltaisn.notes.debug"
135-->[com.squareup.leakcanary:leakcanary-android-core:2.12] AndroidManifest.xml:34:13-88
136            android:exported="false"
136-->[com.squareup.leakcanary:leakcanary-android-core:2.12] AndroidManifest.xml:35:13-37
137            android:grantUriPermissions="true" >
137-->[com.squareup.leakcanary:leakcanary-android-core:2.12] AndroidManifest.xml:36:13-47
138            <meta-data
138-->[com.squareup.leakcanary:leakcanary-android-core:2.12] AndroidManifest.xml:37:13-39:66
139                android:name="android.support.FILE_PROVIDER_PATHS"
139-->[com.squareup.leakcanary:leakcanary-android-core:2.12] AndroidManifest.xml:38:17-67
140                android:resource="@xml/leak_canary_file_paths" />
140-->[com.squareup.leakcanary:leakcanary-android-core:2.12] AndroidManifest.xml:39:17-63
141        </provider>
142
143        <activity
143-->[com.squareup.leakcanary:leakcanary-android-core:2.12] AndroidManifest.xml:42:9-73:20
144            android:name="leakcanary.internal.activity.LeakActivity"
144-->[com.squareup.leakcanary:leakcanary-android-core:2.12] AndroidManifest.xml:43:13-69
145            android:exported="true"
145-->[com.squareup.leakcanary:leakcanary-android-core:2.12] AndroidManifest.xml:44:13-36
146            android:icon="@mipmap/leak_canary_icon"
146-->[com.squareup.leakcanary:leakcanary-android-core:2.12] AndroidManifest.xml:45:13-52
147            android:label="@string/leak_canary_display_activity_label"
147-->[com.squareup.leakcanary:leakcanary-android-core:2.12] AndroidManifest.xml:46:13-71
148            android:taskAffinity="com.squareup.leakcanary.com.maltaisn.notes.debug"
148-->[com.squareup.leakcanary:leakcanary-android-core:2.12] AndroidManifest.xml:47:13-76
149            android:theme="@style/leak_canary_LeakCanary.Base" >
149-->[com.squareup.leakcanary:leakcanary-android-core:2.12] AndroidManifest.xml:48:13-63
150            <intent-filter android:label="@string/leak_canary_import_hprof_file" >
150-->[com.squareup.leakcanary:leakcanary-android-core:2.12] AndroidManifest.xml:49:13-72:29
150-->[com.squareup.leakcanary:leakcanary-android-core:2.12] AndroidManifest.xml:49:28-81
151                <action android:name="android.intent.action.VIEW" />
151-->[com.squareup.leakcanary:leakcanary-android-core:2.12] AndroidManifest.xml:50:17-69
151-->[com.squareup.leakcanary:leakcanary-android-core:2.12] AndroidManifest.xml:50:25-66
152
153                <category android:name="android.intent.category.DEFAULT" />
153-->src\main\AndroidManifest.xml:37:17-76
153-->src\main\AndroidManifest.xml:37:27-73
154                <category android:name="android.intent.category.BROWSABLE" />
154-->[com.squareup.leakcanary:leakcanary-android-core:2.12] AndroidManifest.xml:53:17-78
154-->[com.squareup.leakcanary:leakcanary-android-core:2.12] AndroidManifest.xml:53:27-75
155
156                <data android:scheme="file" />
156-->src\main\AndroidManifest.xml:38:17-55
157                <data android:scheme="content" />
157-->src\main\AndroidManifest.xml:38:17-55
158                <data android:mimeType="*/*" />
158-->src\main\AndroidManifest.xml:38:17-55
158-->src\main\AndroidManifest.xml:38:23-52
159                <data android:host="*" />
159-->src\main\AndroidManifest.xml:38:17-55
160                <data android:pathPattern=".*\\.hprof" />
160-->src\main\AndroidManifest.xml:38:17-55
161                <data android:pathPattern=".*\\..*\\.hprof" />
161-->src\main\AndroidManifest.xml:38:17-55
162                <data android:pathPattern=".*\\..*\\..*\\.hprof" />
162-->src\main\AndroidManifest.xml:38:17-55
163                <data android:pathPattern=".*\\..*\\..*\\..*\\.hprof" />
163-->src\main\AndroidManifest.xml:38:17-55
164                <data android:pathPattern=".*\\..*\\..*\\..*\\..*\\.hprof" />
164-->src\main\AndroidManifest.xml:38:17-55
165                <data android:pathPattern=".*\\..*\\..*\\..*\\..*\\..*\\.hprof" />
165-->src\main\AndroidManifest.xml:38:17-55
166                <data android:pathPattern=".*\\..*\\..*\\..*\\..*\\..*\\..*\\.hprof" />
166-->src\main\AndroidManifest.xml:38:17-55
167                <!--
168            Since hprof isn't a standard MIME type, we have to declare such patterns.
169            Most file providers will generate URIs including their own package name,
170            which contains `.` characters that must be explicitly escaped in pathPattern.
171            @see https://stackoverflow.com/a/31028507/703646
172                -->
173            </intent-filter>
174        </activity>
175
176        <activity-alias
176-->[com.squareup.leakcanary:leakcanary-android-core:2.12] AndroidManifest.xml:75:9-92:26
177            android:name="leakcanary.internal.activity.LeakLauncherActivity"
177-->[com.squareup.leakcanary:leakcanary-android-core:2.12] AndroidManifest.xml:76:13-77
178            android:banner="@drawable/leak_canary_tv_icon"
178-->[com.squareup.leakcanary:leakcanary-android-core:2.12] AndroidManifest.xml:77:13-59
179            android:enabled="@bool/leak_canary_add_launcher_icon"
179-->[com.squareup.leakcanary:leakcanary-android-core:2.12] AndroidManifest.xml:78:13-66
180            android:exported="true"
180-->[com.squareup.leakcanary:leakcanary-android-core:2.12] AndroidManifest.xml:79:13-36
181            android:icon="@mipmap/leak_canary_icon"
181-->[com.squareup.leakcanary:leakcanary-android-core:2.12] AndroidManifest.xml:80:13-52
182            android:label="@string/leak_canary_display_activity_label"
182-->[com.squareup.leakcanary:leakcanary-android-core:2.12] AndroidManifest.xml:81:13-71
183            android:targetActivity="leakcanary.internal.activity.LeakActivity"
183-->[com.squareup.leakcanary:leakcanary-android-core:2.12] AndroidManifest.xml:82:13-79
184            android:taskAffinity="com.squareup.leakcanary.com.maltaisn.notes.debug"
184-->[com.squareup.leakcanary:leakcanary-android-core:2.12] AndroidManifest.xml:83:13-76
185            android:theme="@style/leak_canary_LeakCanary.Base" >
185-->[com.squareup.leakcanary:leakcanary-android-core:2.12] AndroidManifest.xml:84:13-63
186            <intent-filter>
186-->[com.squareup.leakcanary:leakcanary-android-core:2.12] AndroidManifest.xml:85:13-91:29
187                <action android:name="android.intent.action.MAIN" />
187-->src\main\AndroidManifest.xml:32:17-69
187-->src\main\AndroidManifest.xml:32:25-66
188
189                <category android:name="android.intent.category.LAUNCHER" />
189-->src\main\AndroidManifest.xml:33:17-77
189-->src\main\AndroidManifest.xml:33:27-74
190                <!-- Android TV launcher intent -->
191                <category android:name="android.intent.category.LEANBACK_LAUNCHER" />
191-->[com.squareup.leakcanary:leakcanary-android-core:2.12] AndroidManifest.xml:90:17-86
191-->[com.squareup.leakcanary:leakcanary-android-core:2.12] AndroidManifest.xml:90:27-83
192            </intent-filter>
193        </activity-alias>
194
195        <activity
195-->[com.squareup.leakcanary:leakcanary-android-core:2.12] AndroidManifest.xml:94:9-100:68
196            android:name="leakcanary.internal.RequestPermissionActivity"
196-->[com.squareup.leakcanary:leakcanary-android-core:2.12] AndroidManifest.xml:95:13-73
197            android:excludeFromRecents="true"
197-->[com.squareup.leakcanary:leakcanary-android-core:2.12] AndroidManifest.xml:96:13-46
198            android:icon="@mipmap/leak_canary_icon"
198-->[com.squareup.leakcanary:leakcanary-android-core:2.12] AndroidManifest.xml:97:13-52
199            android:label="@string/leak_canary_storage_permission_activity_label"
199-->[com.squareup.leakcanary:leakcanary-android-core:2.12] AndroidManifest.xml:98:13-82
200            android:taskAffinity="com.squareup.leakcanary.com.maltaisn.notes.debug"
200-->[com.squareup.leakcanary:leakcanary-android-core:2.12] AndroidManifest.xml:99:13-76
201            android:theme="@style/leak_canary_Theme.Transparent" />
201-->[com.squareup.leakcanary:leakcanary-android-core:2.12] AndroidManifest.xml:100:13-65
202
203        <receiver android:name="leakcanary.internal.NotificationReceiver" />
203-->[com.squareup.leakcanary:leakcanary-android-core:2.12] AndroidManifest.xml:102:9-77
203-->[com.squareup.leakcanary:leakcanary-android-core:2.12] AndroidManifest.xml:102:19-74
204
205        <provider
205-->[com.squareup.leakcanary:leakcanary-object-watcher-android:2.12] AndroidManifest.xml:8:9-12:40
206            android:name="leakcanary.internal.MainProcessAppWatcherInstaller"
206-->[com.squareup.leakcanary:leakcanary-object-watcher-android:2.12] AndroidManifest.xml:9:13-78
207            android:authorities="com.maltaisn.notes.debug.leakcanary-installer"
207-->[com.squareup.leakcanary:leakcanary-object-watcher-android:2.12] AndroidManifest.xml:10:13-72
208            android:enabled="@bool/leak_canary_watcher_auto_install"
208-->[com.squareup.leakcanary:leakcanary-object-watcher-android:2.12] AndroidManifest.xml:11:13-69
209            android:exported="false" />
209-->[com.squareup.leakcanary:leakcanary-object-watcher-android:2.12] AndroidManifest.xml:12:13-37
210        <provider
210-->[com.squareup.leakcanary:plumber-android:2.12] AndroidManifest.xml:8:9-12:40
211            android:name="leakcanary.internal.PlumberInstaller"
211-->[com.squareup.leakcanary:plumber-android:2.12] AndroidManifest.xml:9:13-64
212            android:authorities="com.maltaisn.notes.debug.plumber-installer"
212-->[com.squareup.leakcanary:plumber-android:2.12] AndroidManifest.xml:10:13-69
213            android:enabled="@bool/leak_canary_plumber_auto_install"
213-->[com.squareup.leakcanary:plumber-android:2.12] AndroidManifest.xml:11:13-69
214            android:exported="false" />
214-->[com.squareup.leakcanary:plumber-android:2.12] AndroidManifest.xml:12:13-37
215
216        <receiver
216-->[androidx.profileinstaller:profileinstaller:1.3.0] AndroidManifest.xml:34:9-52:20
217            android:name="androidx.profileinstaller.ProfileInstallReceiver"
217-->[androidx.profileinstaller:profileinstaller:1.3.0] AndroidManifest.xml:35:13-76
218            android:directBootAware="false"
218-->[androidx.profileinstaller:profileinstaller:1.3.0] AndroidManifest.xml:36:13-44
219            android:enabled="true"
219-->[androidx.profileinstaller:profileinstaller:1.3.0] AndroidManifest.xml:37:13-35
220            android:exported="true"
220-->[androidx.profileinstaller:profileinstaller:1.3.0] AndroidManifest.xml:38:13-36
221            android:permission="android.permission.DUMP" >
221-->[androidx.profileinstaller:profileinstaller:1.3.0] AndroidManifest.xml:39:13-57
222            <intent-filter>
222-->[androidx.profileinstaller:profileinstaller:1.3.0] AndroidManifest.xml:40:13-42:29
223                <action android:name="androidx.profileinstaller.action.INSTALL_PROFILE" />
223-->[androidx.profileinstaller:profileinstaller:1.3.0] AndroidManifest.xml:41:17-91
223-->[androidx.profileinstaller:profileinstaller:1.3.0] AndroidManifest.xml:41:25-88
224            </intent-filter>
225            <intent-filter>
225-->[androidx.profileinstaller:profileinstaller:1.3.0] AndroidManifest.xml:43:13-45:29
226                <action android:name="androidx.profileinstaller.action.SKIP_FILE" />
226-->[androidx.profileinstaller:profileinstaller:1.3.0] AndroidManifest.xml:44:17-85
226-->[androidx.profileinstaller:profileinstaller:1.3.0] AndroidManifest.xml:44:25-82
227            </intent-filter>
228            <intent-filter>
228-->[androidx.profileinstaller:profileinstaller:1.3.0] AndroidManifest.xml:46:13-48:29
229                <action android:name="androidx.profileinstaller.action.SAVE_PROFILE" />
229-->[androidx.profileinstaller:profileinstaller:1.3.0] AndroidManifest.xml:47:17-88
229-->[androidx.profileinstaller:profileinstaller:1.3.0] AndroidManifest.xml:47:25-85
230            </intent-filter>
231            <intent-filter>
231-->[androidx.profileinstaller:profileinstaller:1.3.0] AndroidManifest.xml:49:13-51:29
232                <action android:name="androidx.profileinstaller.action.BENCHMARK_OPERATION" />
232-->[androidx.profileinstaller:profileinstaller:1.3.0] AndroidManifest.xml:50:17-95
232-->[androidx.profileinstaller:profileinstaller:1.3.0] AndroidManifest.xml:50:25-92
233            </intent-filter>
234        </receiver>
235    </application>
236
237</manifest>